<?xml version="1.0" encoding="UTF-8"?>
<!-- Generated by org.testng.reporters.JUnitXMLReporter -->
<testsuite hostname="DESKTOP-SA2JNI0" ignored="1" name="Página de cadastro de usuário" tests="2" failures="0" timestamp="30 mai 2020 21:53:39 GMT" time="5.633" errors="0">
  <testcase name="verificarNomeNooPreenchidoTest" time="0.386" classname="br.com.treinaweb.selenium.tests.CadastroUsuarioTest"/>
  <testcase name="verificarEmailsDiferentesTest" time="0.43" classname="br.com.treinaweb.selenium.tests.CadastroUsuarioTest"/>
  <testcase name="verificarUsuaurioPreenchidoTest" time="0.0" classname="br.com.treinaweb.selenium.tests.CadastroUsuarioTest">
    <ignored/>
  </testcase> <!-- verificarUsuaurioPreenchidoTest -->
</testsuite> <!-- Página de cadastro de usuário -->
