<?xml version="1.0" encoding="UTF-8"?>
<!-- Generated by org.testng.reporters.JUnitXMLReporter -->
<testsuite hostname="DESKTOP-SA2JNI0" ignored="2" name="Default test" tests="1" failures="0" timestamp="19 ago 2020 01:19:59 GMT" time="4.732" errors="0">
  <testcase name="verificarEmailsDiferentesTest" time="0.409" classname="br.com.treinaweb.selenium.tests.CadastroUsuarioTest"/>
  <testcase name="verificarNomeNooPreenchidoTest" time="0.0" classname="br.com.treinaweb.selenium.tests.CadastroUsuarioTest">
    <ignored/>
  </testcase> <!-- verificarNomeNooPreenchidoTest -->
  <testcase name="verificarUsuaurioPreenchidoTest" time="0.0" classname="br.com.treinaweb.selenium.tests.CadastroUsuarioTest">
    <ignored/>
  </testcase> <!-- verificarUsuaurioPreenchidoTest -->
</testsuite> <!-- Default test -->
